OpenJDK 64-Bit Server VM warning: ignoring option MaxPermSize=512m; support was removed in 8.0
OpenJDK 64-Bit Server VM warning: ignoring option PermSize=256M; support was removed in 8.0
22-Apr-2021 21:28:11.667 INFO [main] org.apache.catalina.startup.VersionLoggerListener.log Server version name:   Apache Tomcat/9.0.37
22-Apr-2021 21:28:11.669 INFO [main] org.apache.catalina.startup.VersionLoggerListener.log Server built:          Jun 30 2020 20:09:49 UTC
22-Apr-2021 21:28:11.669 INFO [main] org.apache.catalina.startup.VersionLoggerListener.log Server version number: 9.0.37.0
22-Apr-2021 21:28:11.669 INFO [main] org.apache.catalina.startup.VersionLoggerListener.log OS Name:               Mac OS X
22-Apr-2021 21:28:11.669 INFO [main] org.apache.catalina.startup.VersionLoggerListener.log OS Version:            10.15.7
22-Apr-2021 21:28:11.669 INFO [main] org.apache.catalina.startup.VersionLoggerListener.log Architecture:          x86_64
22-Apr-2021 21:28:11.669 INFO [main] org.apache.catalina.startup.VersionLoggerListener.log Java Home:             /Library/Java/JavaVirtualMachines/amazon-corretto-8.jdk/Contents/Home/jre
22-Apr-2021 21:28:11.669 INFO [main] org.apache.catalina.startup.VersionLoggerListener.log JVM Version:           1.8.0_265-b01
22-Apr-2021 21:28:11.669 INFO [main] org.apache.catalina.startup.VersionLoggerListener.log JVM Vendor:            Amazon.com Inc.
22-Apr-2021 21:28:11.669 INFO [main] org.apache.catalina.startup.VersionLoggerListener.log CATALINA_BASE:         /Users/yunir.salimzyanov/Documents/Projects/web-service-technologies/lab07-juddi/juddi-distro-3.3.9/juddi-tomcat-3.3.9
22-Apr-2021 21:28:11.669 INFO [main] org.apache.catalina.startup.VersionLoggerListener.log CATALINA_HOME:         /Users/yunir.salimzyanov/Documents/Projects/web-service-technologies/lab07-juddi/juddi-distro-3.3.9/juddi-tomcat-3.3.9
22-Apr-2021 21:28:11.673 INFO [main] org.apache.catalina.startup.VersionLoggerListener.log Command line argument: -Djava.util.logging.config.file=/Users/yunir.salimzyanov/Documents/Projects/web-service-technologies/lab07-juddi/juddi-distro-3.3.9/juddi-tomcat-3.3.9/conf/logging.properties
22-Apr-2021 21:28:11.673 INFO [main] org.apache.catalina.startup.VersionLoggerListener.log Command line argument: -Djava.util.logging.manager=org.apache.juli.ClassLoaderLogManager
22-Apr-2021 21:28:11.673 INFO [main] org.apache.catalina.startup.VersionLoggerListener.log Command line argument: -Xms1024m
22-Apr-2021 21:28:11.673 INFO [main] org.apache.catalina.startup.VersionLoggerListener.log Command line argument: -Xmx1024m
22-Apr-2021 21:28:11.673 INFO [main] org.apache.catalina.startup.VersionLoggerListener.log Command line argument: -XX:MaxPermSize=512m
22-Apr-2021 21:28:11.673 INFO [main] org.apache.catalina.startup.VersionLoggerListener.log Command line argument: -XX:PermSize=256M
22-Apr-2021 21:28:11.673 INFO [main] org.apache.catalina.startup.VersionLoggerListener.log Command line argument: -Djavax.net.ssl.trustStore=truststore.jks
22-Apr-2021 21:28:11.673 INFO [main] org.apache.catalina.startup.VersionLoggerListener.log Command line argument: -Djavax.net.ssl.trustStorePassword=password
22-Apr-2021 21:28:11.674 INFO [main] org.apache.catalina.startup.VersionLoggerListener.log Command line argument: -Djavax.net.ssl.keyStore=../conf/keystore.jks
22-Apr-2021 21:28:11.674 INFO [main] org.apache.catalina.startup.VersionLoggerListener.log Command line argument: -Djavax.net.ssl.keyStorePassword=password
22-Apr-2021 21:28:11.674 INFO [main] org.apache.catalina.startup.VersionLoggerListener.log Command line argument: -Djdk.tls.ephemeralDHKeySize=2048
22-Apr-2021 21:28:11.674 INFO [main] org.apache.catalina.startup.VersionLoggerListener.log Command line argument: -Djava.protocol.handler.pkgs=org.apache.catalina.webresources
22-Apr-2021 21:28:11.674 INFO [main] org.apache.catalina.startup.VersionLoggerListener.log Command line argument: -Dorg.apache.catalina.security.SecurityListener.UMASK=0027
22-Apr-2021 21:28:11.674 INFO [main] org.apache.catalina.startup.VersionLoggerListener.log Command line argument: -Djava.endorsed.dirs=/Users/yunir.salimzyanov/Documents/Projects/web-service-technologies/lab07-juddi/juddi-distro-3.3.9/juddi-tomcat-3.3.9/endorsed
22-Apr-2021 21:28:11.674 INFO [main] org.apache.catalina.startup.VersionLoggerListener.log Command line argument: -Dcatalina.base=/Users/yunir.salimzyanov/Documents/Projects/web-service-technologies/lab07-juddi/juddi-distro-3.3.9/juddi-tomcat-3.3.9
22-Apr-2021 21:28:11.674 INFO [main] org.apache.catalina.startup.VersionLoggerListener.log Command line argument: -Dcatalina.home=/Users/yunir.salimzyanov/Documents/Projects/web-service-technologies/lab07-juddi/juddi-distro-3.3.9/juddi-tomcat-3.3.9
22-Apr-2021 21:28:11.674 INFO [main] org.apache.catalina.startup.VersionLoggerListener.log Command line argument: -Djava.io.tmpdir=/Users/yunir.salimzyanov/Documents/Projects/web-service-technologies/lab07-juddi/juddi-distro-3.3.9/juddi-tomcat-3.3.9/temp
22-Apr-2021 21:28:11.674 INFO [main] org.apache.catalina.core.AprLifecycleListener.lifecycleEvent The Apache Tomcat Native library which allows using OpenSSL was not found on the java.library.path: [/Users/yunir.salimzyanov/Library/Java/Extensions:/Library/Java/Extensions:/Network/Library/Java/Extensions:/System/Library/Java/Extensions:/usr/lib/java:.]
22-Apr-2021 21:28:11.984 INFO [main] org.apache.coyote.AbstractProtocol.init Initializing ProtocolHandler ["http-nio-8080"]
22-Apr-2021 21:28:12.009 INFO [main] org.apache.coyote.AbstractProtocol.init Initializing ProtocolHandler ["ajp-nio-127.0.0.1-8009"]
22-Apr-2021 21:28:12.011 INFO [main] org.apache.catalina.startup.Catalina.load Server initialization in [466] milliseconds
22-Apr-2021 21:28:12.029 INFO [main] org.apache.catalina.core.StandardService.startInternal Starting service [Catalina]
22-Apr-2021 21:28:12.029 INFO [main] org.apache.catalina.core.StandardEngine.startInternal Starting Servlet engine: [Apache Tomcat/9.0.37]
22-Apr-2021 21:28:12.035 INFO [main] org.apache.catalina.startup.HostConfig.deployDirectory Deploying web application directory [/Users/yunir.salimzyanov/Documents/Projects/web-service-technologies/lab07-juddi/juddi-distro-3.3.9/juddi-tomcat-3.3.9/webapps/juddiv3]
22-Apr-2021 21:28:13.981 INFO [main] org.apache.tomcat.dbcp.dbcp2.BasicDataSourceFactory.getObjectInstance Name = juddiDB Ignoring unknown property: value of "jUDDI DataSource" for "description" property
22-Apr-2021 21:28:14.033 INFO [main] org.apache.jasper.servlet.TldScanner.scanJars At least one JAR was scanned for TLDs yet contained no TLDs. Enable debug logging for this logger for a complete list of JARs that were scanned but no TLDs were found in them. Skipping unneeded JARs during scanning can improve startup time and JSP compilation time.
SLF4J: Failed to load class "org.slf4j.impl.StaticLoggerBinder".
SLF4J: Defaulting to no-operation (NOP) logger implementation
SLF4J: See http://www.slf4j.org/codes.html#StaticLoggerBinder for further details.
22-Apr-2021 21:28:18.923 INFO [main] org.apache.cxf.wsdl.service.factory.ReflectionServiceFactoryBean.buildServiceFromClass Creating Service {urn:uddi-org:api_v3_portType}UDDIInquiryService from class org.uddi.v3_service.UDDIInquiryPortType
22-Apr-2021 21:28:19.542 INFO [main] org.apache.cxf.endpoint.ServerImpl.initDestination Setting the server's publish address to be /inquiry
22-Apr-2021 21:28:19.557 INFO [main] org.apache.cxf.wsdl.service.factory.ReflectionServiceFactoryBean.buildServiceFromClass Creating Service {urn:uddi-org:api_v3_portType}UDDIPublicationService from class org.uddi.v3_service.UDDIPublicationPortType
22-Apr-2021 21:28:19.647 INFO [main] org.apache.cxf.endpoint.ServerImpl.initDestination Setting the server's publish address to be /publish
22-Apr-2021 21:28:19.651 INFO [main] org.apache.cxf.wsdl.service.factory.ReflectionServiceFactoryBean.buildServiceFromClass Creating Service {urn:uddi-org:api_v3_portType}UDDISecurityService from class org.uddi.v3_service.UDDISecurityPortType
22-Apr-2021 21:28:19.719 INFO [main] org.apache.cxf.endpoint.ServerImpl.initDestination Setting the server's publish address to be /security
22-Apr-2021 21:28:19.722 INFO [main] org.apache.cxf.wsdl.service.factory.ReflectionServiceFactoryBean.buildServiceFromClass Creating Service {urn:uddi-org:api_v3_portType}UDDISubscriptionService from class org.uddi.v3_service.UDDISubscriptionPortType
22-Apr-2021 21:28:19.785 INFO [main] org.apache.cxf.endpoint.ServerImpl.initDestination Setting the server's publish address to be /subscription
22-Apr-2021 21:28:19.787 INFO [main] org.apache.cxf.wsdl.service.factory.ReflectionServiceFactoryBean.buildServiceFromClass Creating Service {urn:uddi-org:api_v3_portType}UDDISubscriptionListenerService from class org.uddi.v3_service.UDDISubscriptionListenerPortType
22-Apr-2021 21:28:19.842 INFO [main] org.apache.cxf.endpoint.ServerImpl.initDestination Setting the server's publish address to be /subscription-listener
22-Apr-2021 21:28:19.845 INFO [main] org.apache.cxf.wsdl.service.factory.ReflectionServiceFactoryBean.buildServiceFromClass Creating Service {urn:uddi-org:v3_service}UDDICustodyTransferService from class org.uddi.v3_service.UDDICustodyTransferPortType
22-Apr-2021 21:28:19.899 INFO [main] org.apache.cxf.endpoint.ServerImpl.initDestination Setting the server's publish address to be /custody-transfer
22-Apr-2021 21:28:19.901 INFO [main] org.apache.cxf.wsdl.service.factory.ReflectionServiceFactoryBean.buildServiceFromClass Creating Service {urn:uddi-org:api_v3_portType}UDDIValueSetCachingService from class org.uddi.v3_service.UDDIValueSetValidationPortType
22-Apr-2021 21:28:19.949 INFO [main] org.apache.cxf.endpoint.ServerImpl.initDestination Setting the server's publish address to be /valueset-validation
22-Apr-2021 21:28:19.952 INFO [main] org.apache.cxf.wsdl.service.factory.ReflectionServiceFactoryBean.buildServiceFromClass Creating Service {urn:uddi-org:v3_service}UDDIValueSetCachingService from class org.uddi.v3_service.UDDIValueSetCachingPortType
22-Apr-2021 21:28:20.031 INFO [main] org.apache.cxf.endpoint.ServerImpl.initDestination Setting the server's publish address to be /valueset-caching
22-Apr-2021 21:28:20.055 INFO [main] org.apache.cxf.wsdl.service.factory.ReflectionServiceFactoryBean.buildServiceFromClass Creating Service {urn:uddi-org:inquiry_v2}Inquire from class org.uddi.v2_service.Inquire
22-Apr-2021 21:28:20.182 INFO [main] org.apache.cxf.endpoint.ServerImpl.initDestination Setting the server's publish address to be /inquiryv2
22-Apr-2021 21:28:20.187 INFO [main] org.apache.cxf.wsdl.service.factory.ReflectionServiceFactoryBean.buildServiceFromClass Creating Service {urn:uddi-org:publication_v2}Publish from class org.uddi.v2_service.Publish
22-Apr-2021 21:28:20.225 INFO [main] org.apache.cxf.endpoint.ServerImpl.initDestination Setting the server's publish address to be /publishv2
22-Apr-2021 21:28:20.234 INFO [main] org.apache.cxf.wsdl.service.factory.ReflectionServiceFactoryBean.buildServiceFromClass Creating Service {urn:juddi-apache-org:v3_service}JUDDIApiService from class org.apache.juddi.v3_service.JUDDIApiPortType
22-Apr-2021 21:28:20.332 SEVERE [main] org.apache.cxf.wsdl.service.factory.ReflectionServiceFactoryBean.fillInSchemaCrossreferences Schema element {urn:juddi-apache-org:v3_service}initialContextInfo references undefined type initialContextInfo for service {urn:juddi-apache-org:v3_service}JUDDIApiService.
22-Apr-2021 21:28:20.333 INFO [main] org.apache.cxf.endpoint.ServerImpl.initDestination Setting the server's publish address to be /juddi-api
22-Apr-2021 21:28:20.526 INFO [main] org.apache.cxf.endpoint.ServerImpl.initDestination Setting the server's publish address to be /inquiryRest
22-Apr-2021 21:28:20.621 INFO [main] org.apache.juddi.adminconsole.StartupServlet.contextInitialized juddi-admin gui startup
22-Apr-2021 21:28:20.622 INFO [main] org.apache.juddi.adminconsole.StartupServlet.generateKey Attempting to generate 256 bit AES key
22-Apr-2021 21:28:20.655 INFO [main] org.apache.juddi.adminconsole.StartupServlet.generateKey Generation of 256 bit AES key successful
22-Apr-2021 21:28:20.655 INFO [main] org.apache.juddi.adminconsole.StartupServlet.contextInitialized Storing key to /Users/yunir.salimzyanov/Documents/Projects/web-service-technologies/lab07-juddi/juddi-distro-3.3.9/juddi-tomcat-3.3.9/webapps/juddiv3/WEB-INF/config.properties
22-Apr-2021 21:28:20.702 INFO [main] org.apache.catalina.startup.HostConfig.deployDirectory Deployment of web application directory [/Users/yunir.salimzyanov/Documents/Projects/web-service-technologies/lab07-juddi/juddi-distro-3.3.9/juddi-tomcat-3.3.9/webapps/juddiv3] has finished in [8,666] ms
22-Apr-2021 21:28:20.702 INFO [main] org.apache.catalina.startup.HostConfig.deployDirectory Deploying web application directory [/Users/yunir.salimzyanov/Documents/Projects/web-service-technologies/lab07-juddi/juddi-distro-3.3.9/juddi-tomcat-3.3.9/webapps/docs]
22-Apr-2021 21:28:20.714 INFO [main] org.apache.catalina.startup.HostConfig.deployDirectory Deployment of web application directory [/Users/yunir.salimzyanov/Documents/Projects/web-service-technologies/lab07-juddi/juddi-distro-3.3.9/juddi-tomcat-3.3.9/webapps/docs] has finished in [12] ms
22-Apr-2021 21:28:20.714 INFO [main] org.apache.catalina.startup.HostConfig.deployDirectory Deploying web application directory [/Users/yunir.salimzyanov/Documents/Projects/web-service-technologies/lab07-juddi/juddi-distro-3.3.9/juddi-tomcat-3.3.9/webapps/manager]
22-Apr-2021 21:28:20.732 INFO [main] org.apache.catalina.startup.HostConfig.deployDirectory Deployment of web application directory [/Users/yunir.salimzyanov/Documents/Projects/web-service-technologies/lab07-juddi/juddi-distro-3.3.9/juddi-tomcat-3.3.9/webapps/manager] has finished in [18] ms
22-Apr-2021 21:28:20.733 INFO [main] org.apache.catalina.startup.HostConfig.deployDirectory Deploying web application directory [/Users/yunir.salimzyanov/Documents/Projects/web-service-technologies/lab07-juddi/juddi-distro-3.3.9/juddi-tomcat-3.3.9/webapps/examples]
22-Apr-2021 21:28:20.879 INFO [main] org.apache.catalina.startup.HostConfig.deployDirectory Deployment of web application directory [/Users/yunir.salimzyanov/Documents/Projects/web-service-technologies/lab07-juddi/juddi-distro-3.3.9/juddi-tomcat-3.3.9/webapps/examples] has finished in [146] ms
22-Apr-2021 21:28:20.880 INFO [main] org.apache.catalina.startup.HostConfig.deployDirectory Deploying web application directory [/Users/yunir.salimzyanov/Documents/Projects/web-service-technologies/lab07-juddi/juddi-distro-3.3.9/juddi-tomcat-3.3.9/webapps/ROOT]
22-Apr-2021 21:28:20.889 INFO [main] org.apache.catalina.startup.HostConfig.deployDirectory Deployment of web application directory [/Users/yunir.salimzyanov/Documents/Projects/web-service-technologies/lab07-juddi/juddi-distro-3.3.9/juddi-tomcat-3.3.9/webapps/ROOT] has finished in [10] ms
22-Apr-2021 21:28:20.890 INFO [main] org.apache.catalina.startup.HostConfig.deployDirectory Deploying web application directory [/Users/yunir.salimzyanov/Documents/Projects/web-service-technologies/lab07-juddi/juddi-distro-3.3.9/juddi-tomcat-3.3.9/webapps/juddiv3replication]
22-Apr-2021 21:28:22.897 INFO [main] org.apache.tomcat.dbcp.dbcp2.BasicDataSourceFactory.getObjectInstance Name = juddiDB Ignoring unknown property: value of "jUDDI DataSource" for "description" property
22-Apr-2021 21:28:22.916 INFO [main] org.apache.jasper.servlet.TldScanner.scanJars At least one JAR was scanned for TLDs yet contained no TLDs. Enable debug logging for this logger for a complete list of JARs that were scanned but no TLDs were found in them. Skipping unneeded JARs during scanning can improve startup time and JSP compilation time.
SLF4J: Failed to load class "org.slf4j.impl.StaticLoggerBinder".
SLF4J: Defaulting to no-operation (NOP) logger implementation
SLF4J: See http://www.slf4j.org/codes.html#StaticLoggerBinder for further details.
22-Apr-2021 21:28:25.038 INFO [main] org.apache.cxf.wsdl.service.factory.ReflectionServiceFactoryBean.buildServiceFromClass Creating Service {urn:uddi-org:api_v3_portType}UDDI_Replication_PortType from class org.uddi.v3_service.UDDIReplicationPortType
22-Apr-2021 21:28:25.703 INFO [main] org.apache.cxf.endpoint.ServerImpl.initDestination Setting the server's publish address to be /replication
22-Apr-2021 21:28:25.733 INFO [main] org.apache.juddi.adminconsole.StartupServlet.contextInitialized juddi-admin gui startup
22-Apr-2021 21:28:25.733 INFO [main] org.apache.juddi.adminconsole.StartupServlet.generateKey Attempting to generate 256 bit AES key
22-Apr-2021 21:28:25.740 INFO [main] org.apache.juddi.adminconsole.StartupServlet.generateKey Generation of 256 bit AES key successful
22-Apr-2021 21:28:25.740 INFO [main] org.apache.juddi.adminconsole.StartupServlet.contextInitialized Storing key to /Users/yunir.salimzyanov/Documents/Projects/web-service-technologies/lab07-juddi/juddi-distro-3.3.9/juddi-tomcat-3.3.9/webapps/juddiv3replication/WEB-INF/config.properties
22-Apr-2021 21:28:25.906 INFO [main] org.apache.catalina.startup.HostConfig.deployDirectory Deployment of web application directory [/Users/yunir.salimzyanov/Documents/Projects/web-service-technologies/lab07-juddi/juddi-distro-3.3.9/juddi-tomcat-3.3.9/webapps/juddiv3replication] has finished in [5,017] ms
22-Apr-2021 21:28:25.907 INFO [main] org.apache.catalina.startup.HostConfig.deployDirectory Deploying web application directory [/Users/yunir.salimzyanov/Documents/Projects/web-service-technologies/lab07-juddi/juddi-distro-3.3.9/juddi-tomcat-3.3.9/webapps/host-manager]
22-Apr-2021 21:28:25.917 INFO [main] org.apache.catalina.startup.HostConfig.deployDirectory Deployment of web application directory [/Users/yunir.salimzyanov/Documents/Projects/web-service-technologies/lab07-juddi/juddi-distro-3.3.9/juddi-tomcat-3.3.9/webapps/host-manager] has finished in [11] ms
22-Apr-2021 21:28:25.917 INFO [main] org.apache.catalina.startup.HostConfig.deployDirectory Deploying web application directory [/Users/yunir.salimzyanov/Documents/Projects/web-service-technologies/lab07-juddi/juddi-distro-3.3.9/juddi-tomcat-3.3.9/webapps/juddi-gui]
22-Apr-2021 21:28:25.919 WARNING [main] org.apache.tomcat.util.digester.SetPropertiesRule.begin Match [Context] failed to set property [antiJARLocking] to [true]
22-Apr-2021 21:28:26.466 INFO [main] org.apache.jasper.servlet.TldScanner.scanJars At least one JAR was scanned for TLDs yet contained no TLDs. Enable debug logging for this logger for a complete list of JARs that were scanned but no TLDs were found in them. Skipping unneeded JARs during scanning can improve startup time and JSP compilation time.
22-Apr-2021 21:28:26.466 INFO [main] org.apache.juddi.webconsole.StartupServlet.contextInitialized juddi-gui startup
22-Apr-2021 21:28:26.467 INFO [main] org.apache.juddi.webconsole.StartupServlet.contextInitialized Attempting to generate 256 bit AES key
22-Apr-2021 21:28:26.522 INFO [main] org.apache.juddi.webconsole.StartupServlet.contextInitialized Generation of 256 bit AES key successful
22-Apr-2021 21:28:26.522 INFO [main] org.apache.juddi.webconsole.StartupServlet.contextInitialized Storing key to /Users/yunir.salimzyanov/Documents/Projects/web-service-technologies/lab07-juddi/juddi-distro-3.3.9/juddi-tomcat-3.3.9/webapps/juddi-gui/META-INF/config.properties
22-Apr-2021 21:28:26.524 INFO [main] org.apache.catalina.startup.HostConfig.deployDirectory Deployment of web application directory [/Users/yunir.salimzyanov/Documents/Projects/web-service-technologies/lab07-juddi/juddi-distro-3.3.9/juddi-tomcat-3.3.9/webapps/juddi-gui] has finished in [607] ms
22-Apr-2021 21:28:26.527 INFO [main] org.apache.coyote.AbstractProtocol.start Starting ProtocolHandler ["http-nio-8080"]
22-Apr-2021 21:28:26.534 SEVERE [main] org.apache.catalina.util.LifecycleBase.handleSubClassException Failed to start component [Connector[AJP/1.3-8009]]
	org.apache.catalina.LifecycleException: Protocol handler start failed
		at org.apache.catalina.connector.Connector.startInternal(Connector.java:1067)
		at org.apache.catalina.util.LifecycleBase.start(LifecycleBase.java:183)
		at org.apache.catalina.core.StandardService.startInternal(StandardService.java:438)
		at org.apache.catalina.util.LifecycleBase.start(LifecycleBase.java:183)
		at org.apache.catalina.core.StandardServer.startInternal(StandardServer.java:930)
		at org.apache.catalina.util.LifecycleBase.start(LifecycleBase.java:183)
		at org.apache.catalina.startup.Catalina.start(Catalina.java:738)
		at sun.reflect.NativeMethodAccessorImpl.invoke0(Native Method)
		at sun.reflect.NativeMethodAccessorImpl.invoke(NativeMethodAccessorImpl.java:62)
		at sun.reflect.DelegatingMethodAccessorImpl.invoke(DelegatingMethodAccessorImpl.java:43)
		at java.lang.reflect.Method.invoke(Method.java:498)
		at org.apache.catalina.startup.Bootstrap.start(Bootstrap.java:342)
		at org.apache.catalina.startup.Bootstrap.main(Bootstrap.java:473)
	Caused by: java.lang.IllegalArgumentException: The AJP Connector is configured with secretRequired="true" but the secret attribute is either null or "". This combination is not valid.
		at org.apache.coyote.ajp.AbstractAjpProtocol.start(AbstractAjpProtocol.java:270)
		at org.apache.catalina.connector.Connector.startInternal(Connector.java:1064)
		... 12 more
22-Apr-2021 21:28:26.535 INFO [main] org.apache.catalina.startup.Catalina.start Server startup in [14523] milliseconds
22-Apr-2021 21:29:36.438 INFO [http-nio-8080-exec-10] org.apache.cxf.wsdl.service.factory.ReflectionServiceFactoryBean.buildServiceFromWSDL Creating Service {urn:uddi-org:v3_service}UDDI_Service from WSDL: jar:file:/Users/yunir.salimzyanov/Documents/Projects/web-service-technologies/lab07-juddi/juddi-distro-3.3.9/juddi-tomcat-3.3.9/webapps/juddi-gui/WEB-INF/lib/uddi-ws-3.3.9.jar!/uddi_v3_service.wsdl
[Fatal Error] xmldsig-core-schema.xsd:10:5: External DTD: Failed to read external DTD 'XMLSchema.dtd', because 'file' access is not allowed due to restriction set by the accessExternalDTD property.
