2021-04-22 21:29:35,923 INFO [org.apache.juddi.v3.client.config.UDDIClient] - jUDDI Client version - 3.3.9
2021-04-22 21:29:35,967 INFO [org.apache.juddi.v3.client.config.ClientConfig] - Reading UDDI Client properties file file:///Users/yunir.salimzyanov/Documents/Projects/web-service-technologies/lab07-juddi/juddi-distro-3.3.9/juddi-tomcat-3.3.9/webapps/juddi-gui/WEB-INF/classes/META-INF/uddi.xml use -Duddi.client.xml to override
2021-04-22 21:29:36,500 ERROR [org.apache.juddi] - Unexpected error org.apache.cxf.service.factory.ServiceConstructionException: Failed to create service.
org.apache.juddi.v3.client.transport.TransportException: org.apache.cxf.service.factory.ServiceConstructionException: Failed to create service.
	at org.apache.juddi.v3.client.transport.JAXWSTransport.getUDDISecurityService(JAXWSTransport.java:112)
	at org.apache.juddi.v3.client.transport.Transport.getUDDISecurityService(Transport.java:51)
	at org.apache.juddi.webconsole.hub.UddiHub.EnsureConfig(UddiHub.java:366)
	at org.apache.juddi.webconsole.hub.UddiHub.<init>(UddiHub.java:408)
	at org.apache.juddi.webconsole.hub.UddiHub.getInstance(UddiHub.java:306)
	at org.apache.jsp.home_jsp._jspService(home_jsp.java:239)
	at org.apache.jasper.runtime.HttpJspBase.service(HttpJspBase.java:71)
	at javax.servlet.http.HttpServlet.service(HttpServlet.java:733)
	at org.apache.jasper.servlet.JspServletWrapper.service(JspServletWrapper.java:477)
	at org.apache.jasper.servlet.JspServlet.serviceJspFile(JspServlet.java:385)
	at org.apache.jasper.servlet.JspServlet.service(JspServlet.java:329)
	at javax.servlet.http.HttpServlet.service(HttpServlet.java:733)
	at org.apache.catalina.core.ApplicationFilterChain.internalDoFilter(ApplicationFilterChain.java:231)
	at org.apache.catalina.core.ApplicationFilterChain.doFilter(ApplicationFilterChain.java:166)
	at org.apache.tomcat.websocket.server.WsFilter.doFilter(WsFilter.java:53)
	at org.apache.catalina.core.ApplicationFilterChain.internalDoFilter(ApplicationFilterChain.java:193)
	at org.apache.catalina.core.ApplicationFilterChain.doFilter(ApplicationFilterChain.java:166)
	at org.apache.juddi.webconsole.NoCacheFilter.doFilter(NoCacheFilter.java:44)
	at org.apache.catalina.core.ApplicationFilterChain.internalDoFilter(ApplicationFilterChain.java:193)
	at org.apache.catalina.core.ApplicationFilterChain.doFilter(ApplicationFilterChain.java:166)
	at org.apache.catalina.core.StandardWrapperValve.invoke(StandardWrapperValve.java:202)
	at org.apache.catalina.core.StandardContextValve.invoke(StandardContextValve.java:96)
	at org.apache.catalina.authenticator.AuthenticatorBase.invoke(AuthenticatorBase.java:541)
	at org.apache.catalina.core.StandardHostValve.invoke(StandardHostValve.java:139)
	at org.apache.catalina.valves.ErrorReportValve.invoke(ErrorReportValve.java:92)
	at org.apache.catalina.valves.AbstractAccessLogValve.invoke(AbstractAccessLogValve.java:690)
	at org.apache.catalina.core.StandardEngineValve.invoke(StandardEngineValve.java:74)
	at org.apache.catalina.connector.CoyoteAdapter.service(CoyoteAdapter.java:343)
	at org.apache.coyote.http11.Http11Processor.service(Http11Processor.java:373)
	at org.apache.coyote.AbstractProcessorLight.process(AbstractProcessorLight.java:65)
	at org.apache.coyote.AbstractProtocol$ConnectionHandler.process(AbstractProtocol.java:868)
	at org.apache.tomcat.util.net.NioEndpoint$SocketProcessor.doRun(NioEndpoint.java:1589)
	at org.apache.tomcat.util.net.SocketProcessorBase.run(SocketProcessorBase.java:49)
	at java.util.concurrent.ThreadPoolExecutor.runWorker(ThreadPoolExecutor.java:1149)
	at java.util.concurrent.ThreadPoolExecutor$Worker.run(ThreadPoolExecutor.java:624)
	at org.apache.tomcat.util.threads.TaskThread$WrappingRunnable.run(TaskThread.java:61)
	at java.lang.Thread.run(Thread.java:748)
Caused by: javax.xml.ws.WebServiceException: org.apache.cxf.service.factory.ServiceConstructionException: Failed to create service.
	at org.apache.cxf.jaxws.ServiceImpl.getPort(ServiceImpl.java:360)
	at org.apache.cxf.jaxws.ServiceImpl.getPort(ServiceImpl.java:349)
	at javax.xml.ws.Service.getPort(Service.java:46)
	at org.apache.juddi.v3.client.UDDIService.getUDDISecurityPort(UDDIService.java:125)
	at org.apache.juddi.v3.client.transport.JAXWSTransport.getUDDISecurityService(JAXWSTransport.java:101)
	... 36 more
Caused by: org.apache.cxf.service.factory.ServiceConstructionException: Failed to create service.
	at org.apache.cxf.wsdl11.WSDLServiceFactory.create(WSDLServiceFactory.java:169)
	at org.apache.cxf.wsdl.service.factory.ReflectionServiceFactoryBean.buildServiceFromWSDL(ReflectionServiceFactoryBean.java:407)
	at org.apache.cxf.wsdl.service.factory.ReflectionServiceFactoryBean.initializeServiceModel(ReflectionServiceFactoryBean.java:527)
	at org.apache.cxf.wsdl.service.factory.ReflectionServiceFactoryBean.create(ReflectionServiceFactoryBean.java:262)
	at org.apache.cxf.jaxws.support.JaxWsServiceFactoryBean.create(JaxWsServiceFactoryBean.java:199)
	at org.apache.cxf.frontend.AbstractWSDLBasedEndpointFactory.createEndpoint(AbstractWSDLBasedEndpointFactory.java:103)
	at org.apache.cxf.frontend.ClientFactoryBean.create(ClientFactoryBean.java:91)
	at org.apache.cxf.frontend.ClientProxyFactoryBean.create(ClientProxyFactoryBean.java:159)
	at org.apache.cxf.jaxws.JaxWsProxyFactoryBean.create(JaxWsProxyFactoryBean.java:142)
	at org.apache.cxf.jaxws.ServiceImpl.createPort(ServiceImpl.java:492)
	at org.apache.cxf.jaxws.ServiceImpl.getPort(ServiceImpl.java:358)
	... 40 more
Caused by: org.apache.ws.commons.schema.XmlSchemaException: External DTD: Failed to read external DTD 'XMLSchema.dtd', because 'file' access is not allowed due to restriction set by the accessExternalDTD property.
	at org.apache.ws.commons.schema.XmlSchemaCollection.read(XmlSchemaCollection.java:722)
	at org.apache.ws.commons.schema.SchemaBuilder.resolveXmlSchema(SchemaBuilder.java:705)
	at org.apache.ws.commons.schema.SchemaBuilder.handleImport(SchemaBuilder.java:538)
	at org.apache.ws.commons.schema.SchemaBuilder.handleSchemaElementChild(SchemaBuilder.java:1515)
	at org.apache.ws.commons.schema.SchemaBuilder.handleXmlSchemaElement(SchemaBuilder.java:658)
	at org.apache.ws.commons.schema.SchemaBuilder.build(SchemaBuilder.java:156)
	at org.apache.ws.commons.schema.XmlSchemaCollection.read(XmlSchemaCollection.java:508)
	at org.apache.ws.commons.schema.XmlSchemaCollection.read(XmlSchemaCollection.java:716)
	at org.apache.ws.commons.schema.SchemaBuilder.resolveXmlSchema(SchemaBuilder.java:705)
	at org.apache.ws.commons.schema.SchemaBuilder.handleImport(SchemaBuilder.java:538)
	at org.apache.ws.commons.schema.SchemaBuilder.handleSchemaElementChild(SchemaBuilder.java:1515)
	at org.apache.ws.commons.schema.SchemaBuilder.handleXmlSchemaElement(SchemaBuilder.java:658)
	at org.apache.ws.commons.schema.XmlSchemaCollection.read(XmlSchemaCollection.java:550)
	at org.apache.cxf.common.xmlschema.SchemaCollection.read(SchemaCollection.java:129)
	at org.apache.cxf.wsdl11.SchemaUtil.extractSchema(SchemaUtil.java:141)
	at org.apache.cxf.wsdl11.SchemaUtil.getSchemas(SchemaUtil.java:82)
	at org.apache.cxf.wsdl11.SchemaUtil.getSchemas(SchemaUtil.java:66)
	at org.apache.cxf.wsdl11.SchemaUtil.getSchemas(SchemaUtil.java:61)
	at org.apache.cxf.wsdl11.WSDLServiceBuilder.getSchemas(WSDLServiceBuilder.java:378)
	at org.apache.cxf.wsdl11.WSDLServiceBuilder.buildServices(WSDLServiceBuilder.java:345)
	at org.apache.cxf.wsdl11.WSDLServiceBuilder.buildServices(WSDLServiceBuilder.java:209)
	at org.apache.cxf.wsdl11.WSDLServiceFactory.create(WSDLServiceFactory.java:161)
	... 50 more
Caused by: org.xml.sax.SAXParseExceptionpublicId: jar:file:/Users/yunir.salimzyanov/Documents/Projects/web-service-technologies/lab07-juddi/juddi-distro-3.3.9/juddi-tomcat-3.3.9/webapps/juddi-gui/WEB-INF/lib/uddi-ws-3.3.9.jar!/www.w3.org/TR/xmldsig-core/xmldsig-core-schema.xsd; systemId: jar:file:/Users/yunir.salimzyanov/Documents/Projects/web-service-technologies/lab07-juddi/juddi-distro-3.3.9/juddi-tomcat-3.3.9/webapps/juddi-gui/WEB-INF/lib/uddi-ws-3.3.9.jar!/www.w3.org/TR/xmldsig-core/xmldsig-core-schema.xsd; lineNumber: 10; columnNumber: 5; External DTD: Failed to read external DTD 'XMLSchema.dtd', because 'file' access is not allowed due to restriction set by the accessExternalDTD property.
	at com.sun.org.apache.xerces.internal.parsers.DOMParser.parse(DOMParser.java:257)
	at com.sun.org.apache.xerces.internal.jaxp.DocumentBuilderImpl.parse(DocumentBuilderImpl.java:339)
	at org.apache.ws.commons.schema.XmlSchemaCollection$2.run(XmlSchemaCollection.java:748)
	at org.apache.ws.commons.schema.XmlSchemaCollection$2.run(XmlSchemaCollection.java:746)
	at java.security.AccessController.doPrivileged(Native Method)
	at org.apache.ws.commons.schema.XmlSchemaCollection.parseDoPriv(XmlSchemaCollection.java:746)
	at org.apache.ws.commons.schema.XmlSchemaCollection.read(XmlSchemaCollection.java:715)
	... 71 more
2021-04-22 21:29:36,508 INFO [org.apache.juddi] - DEBUG info node=default transport=org.apache.juddi.v3.client.transport.JAXWSTransport
